Running: C:\Xilinx\14.7\ISE_DS\ISE\bin\nt64\unwrapped\fuse.exe -intstyle ise -incremental -o C:/Users/jeanw/Desktop/VHDL/vhdl-serial/testbench_isim_beh.exe -prj C:/Users/jeanw/Desktop/VHDL/vhdl-serial/testbench_beh.prj work.testbench 
ISim P.20131013 (signature 0x7708f090)
Number of CPUs detected in this system: 4
Turning on mult-threading, number of parallel sub-compilation jobs: 8 
Determining compilation order of HDL files
Parsing VHDL file "C:/Users/jeanw/Desktop/VHDL/vhdl-serial/subtractor.vhd" into library work
Parsing VHDL file "C:/Users/jeanw/Desktop/VHDL/vhdl-serial/mux_2bits.vhd" into library work
Parsing VHDL file "C:/Users/jeanw/Desktop/VHDL/vhdl-serial/multiplier.vhd" into library work
Parsing VHDL file "C:/Users/jeanw/Desktop/VHDL/vhdl-serial/divider.vhd" into library work
Parsing VHDL file "C:/Users/jeanw/Desktop/VHDL/vhdl-serial/adder.vhd" into library work
Parsing VHDL file "C:/Users/jeanw/Desktop/VHDL/vhdl-serial/oper_block.vhd" into library work
Parsing VHDL file "C:/Users/jeanw/Desktop/VHDL/vhdl-serial/oper_block_tb.vhd" into library work
Starting static elaboration
Completed static elaboration
Compiling package standard
Compiling package std_logic_1164
Compiling package numeric_std
Compiling package std_logic_arith
Compiling package std_logic_unsigned
Compiling architecture behavioral of entity adder [adder_default]
Compiling architecture behavioral of entity subtractor [subtractor_default]
Compiling architecture behavioral of entity multiplier [multiplier_default]
Compiling architecture behavioral of entity divider [divider_default]
Compiling architecture behavioral of entity mux_2bits [mux_2bits_default]
Compiling architecture behavioral of entity oper_block [oper_block_default]
Compiling architecture behavior of entity testbench
Time Resolution for simulation is 1ps.
Waiting for 4 sub-compilation(s) to finish...
WARNING:Simulator - Unable to copy libPortabilityNOSH.dll to the simulation executable directory: boost::filesystem::copy_file: O sistema não pode encontrar o caminho especificado, "isim\testbench_isim_beh.exe.sim\libPortability.dll".
Compiled 18 VHDL Units
Built simulation executable C:/Users/jeanw/Desktop/VHDL/vhdl-serial/testbench_isim_beh.exe
Fuse Memory Usage: 36920 KB
Fuse CPU Usage: 749 ms
