Release 14.7 - xst P.20131013 (nt64)
Copyright (c) 1995-2013 Xilinx, Inc.  All rights reserved.
--> Parameter TMPDIR set to xst/projnav.tmp


Total REAL time to Xst completion: 0.00 secs
Total CPU time to Xst completion: 0.33 secs
 
--> Parameter xsthdpdir set to xst


Total REAL time to Xst completion: 0.00 secs
Total CPU time to Xst completion: 0.33 secs
 
--> Reading design: oper_block.prj

TABLE OF CONTENTS
  1) Synthesis Options Summary
  2) HDL Compilation
  3) Design Hierarchy Analysis
  4) HDL Analysis
  5) HDL Synthesis
     5.1) HDL Synthesis Report
  6) Advanced HDL Synthesis
     6.1) Advanced HDL Synthesis Report
  7) Low Level Synthesis
  8) Partition Report
  9) Final Report
	9.1) Device utilization summary
	9.2) Partition Resource Summary
	9.3) TIMING REPORT


=========================================================================
*                      Synthesis Options Summary                        *
=========================================================================
---- Source Parameters
Input File Name                    : "oper_block.prj"
Input Format                       : mixed
Ignore Synthesis Constraint File   : NO

---- Target Parameters
Output File Name                   : "oper_block"
Output Format                      : NGC
Target Device                      : xc3s1000-4-ft256

---- Source Options
Top Module Name                    : oper_block
Automatic FSM Extraction           : YES
FSM Encoding Algorithm             : Auto
Safe Implementation                : No
FSM Style                          : LUT
RAM Extraction                     : Yes
RAM Style                          : Auto
ROM Extraction                     : Yes
Mux Style                          : Auto
Decoder Extraction                 : YES
Priority Encoder Extraction        : Yes
Shift Register Extraction          : YES
Logical Shifter Extraction         : YES
XOR Collapsing                     : YES
ROM Style                          : Auto
Mux Extraction                     : Yes
Resource Sharing                   : YES
Asynchronous To Synchronous        : NO
Multiplier Style                   : Auto
Automatic Register Balancing       : No

---- Target Options
Add IO Buffers                     : YES
Global Maximum Fanout              : 100000
Add Generic Clock Buffer(BUFG)     : 8
Register Duplication               : YES
Slice Packing                      : YES
Optimize Instantiated Primitives   : NO
Use Clock Enable                   : Yes
Use Synchronous Set                : Yes
Use Synchronous Reset              : Yes
Pack IO Registers into IOBs        : Auto
Equivalent register Removal        : YES

---- General Options
Optimization Goal                  : Speed
Optimization Effort                : 1
Keep Hierarchy                     : No
Netlist Hierarchy                  : As_Optimized
RTL Output                         : Yes
Global Optimization                : AllClockNets
Read Cores                         : YES
Write Timing Constraints           : NO
Cross Clock Analysis               : NO
Hierarchy Separator                : /
Bus Delimiter                      : <>
Case Specifier                     : Maintain
Slice Utilization Ratio            : 100
BRAM Utilization Ratio             : 100
Verilog 2001                       : YES
Auto BRAM Packing                  : NO
Slice Utilization Ratio Delta      : 5

=========================================================================


=========================================================================
*                          HDL Compilation                              *
=========================================================================
WARNING:HDLParsers:3607 - Unit work/oper_block is now defined in a different file.  It was defined in "C:/Users/m95952/Desktop/vhdl-serial-master/oper_block.vhd", and is now defined in "C:/Users/jeanw/Desktop/VHDL/vhdl-serial/oper_block.vhd".
WARNING:HDLParsers:3607 - Unit work/oper_block/Behavioral is now defined in a different file.  It was defined in "C:/Users/m95952/Desktop/vhdl-serial-master/oper_block.vhd", and is now defined in "C:/Users/jeanw/Desktop/VHDL/vhdl-serial/oper_block.vhd".
WARNING:HDLParsers:3607 - Unit work/adder is now defined in a different file.  It was defined in "C:/Users/m95952/Desktop/vhdl-serial-master/adder.vhd", and is now defined in "C:/Users/jeanw/Desktop/VHDL/vhdl-serial/adder.vhd".
WARNING:HDLParsers:3607 - Unit work/adder/Behavioral is now defined in a different file.  It was defined in "C:/Users/m95952/Desktop/vhdl-serial-master/adder.vhd", and is now defined in "C:/Users/jeanw/Desktop/VHDL/vhdl-serial/adder.vhd".
WARNING:HDLParsers:3607 - Unit work/divider is now defined in a different file.  It was defined in "C:/Users/m95952/Desktop/vhdl-serial-master/divider.vhd", and is now defined in "C:/Users/jeanw/Desktop/VHDL/vhdl-serial/divider.vhd".
WARNING:HDLParsers:3607 - Unit work/divider/Behavioral is now defined in a different file.  It was defined in "C:/Users/m95952/Desktop/vhdl-serial-master/divider.vhd", and is now defined in "C:/Users/jeanw/Desktop/VHDL/vhdl-serial/divider.vhd".
WARNING:HDLParsers:3607 - Unit work/multiplier is now defined in a different file.  It was defined in "C:/Users/m95952/Desktop/vhdl-serial-master/multiplier.vhd", and is now defined in "C:/Users/jeanw/Desktop/VHDL/vhdl-serial/multiplier.vhd".
WARNING:HDLParsers:3607 - Unit work/multiplier/Behavioral is now defined in a different file.  It was defined in "C:/Users/m95952/Desktop/vhdl-serial-master/multiplier.vhd", and is now defined in "C:/Users/jeanw/Desktop/VHDL/vhdl-serial/multiplier.vhd".
WARNING:HDLParsers:3607 - Unit work/mux_2bits is now defined in a different file.  It was defined in "C:/Users/m95952/Desktop/vhdl-serial-master/mux_2bits.vhd", and is now defined in "C:/Users/jeanw/Desktop/VHDL/vhdl-serial/mux_2bits.vhd".
WARNING:HDLParsers:3607 - Unit work/mux_2bits/Behavioral is now defined in a different file.  It was defined in "C:/Users/m95952/Desktop/vhdl-serial-master/mux_2bits.vhd", and is now defined in "C:/Users/jeanw/Desktop/VHDL/vhdl-serial/mux_2bits.vhd".
WARNING:HDLParsers:3607 - Unit work/subtractor is now defined in a different file.  It was defined in "C:/Users/m95952/Desktop/vhdl-serial-master/subtractor.vhd", and is now defined in "C:/Users/jeanw/Desktop/VHDL/vhdl-serial/subtractor.vhd".
WARNING:HDLParsers:3607 - Unit work/subtractor/Behavioral is now defined in a different file.  It was defined in "C:/Users/m95952/Desktop/vhdl-serial-master/subtractor.vhd", and is now defined in "C:/Users/jeanw/Desktop/VHDL/vhdl-serial/subtractor.vhd".
Compiling vhdl file "C:/Users/jeanw/Desktop/VHDL/vhdl-serial/adder.vhd" in Library work.
Architecture behavioral of Entity adder is up to date.
Compiling vhdl file "C:/Users/jeanw/Desktop/VHDL/vhdl-serial/subtractor.vhd" in Library work.
Architecture behavioral of Entity subtractor is up to date.
Compiling vhdl file "C:/Users/jeanw/Desktop/VHDL/vhdl-serial/multiplier.vhd" in Library work.
Architecture behavioral of Entity multiplier is up to date.
Compiling vhdl file "C:/Users/jeanw/Desktop/VHDL/vhdl-serial/divider.vhd" in Library work.
Architecture behavioral of Entity divider is up to date.
Compiling vhdl file "C:/Users/jeanw/Desktop/VHDL/vhdl-serial/mux_2bits.vhd" in Library work.
Architecture behavioral of Entity mux_2bits is up to date.
Compiling vhdl file "C:/Users/jeanw/Desktop/VHDL/vhdl-serial/oper_block.vhd" in Library work.
Architecture behavioral of Entity oper_block is up to date.

=========================================================================
*                     Design Hierarchy Analysis                         *
=========================================================================
Analyzing hierarchy for entity <oper_block> in library <work> (architecture <behavioral>).

Analyzing hierarchy for entity <adder> in library <work> (architecture <behavioral>).

Analyzing hierarchy for entity <subtractor> in library <work> (architecture <behavioral>).

Analyzing hierarchy for entity <multiplier> in library <work> (architecture <behavioral>).

Analyzing hierarchy for entity <divider> in library <work> (architecture <behavioral>).

Analyzing hierarchy for entity <mux_2bits> in library <work> (architecture <behavioral>).


=========================================================================
*                            HDL Analysis                               *
=========================================================================
Analyzing Entity <oper_block> in library <work> (Architecture <behavioral>).
Entity <oper_block> analyzed. Unit <oper_block> generated.

Analyzing Entity <adder> in library <work> (Architecture <behavioral>).
Entity <adder> analyzed. Unit <adder> generated.

Analyzing Entity <subtractor> in library <work> (Architecture <behavioral>).
Entity <subtractor> analyzed. Unit <subtractor> generated.

Analyzing Entity <multiplier> in library <work> (Architecture <behavioral>).
Entity <multiplier> analyzed. Unit <multiplier> generated.

Analyzing Entity <divider> in library <work> (Architecture <behavioral>).
Entity <divider> analyzed. Unit <divider> generated.

Analyzing Entity <mux_2bits> in library <work> (Architecture <behavioral>).
Entity <mux_2bits> analyzed. Unit <mux_2bits> generated.


=========================================================================
*                           HDL Synthesis                               *
=========================================================================

Performing bidirectional port resolution...

Synthesizing Unit <adder>.
    Related source file is "C:/Users/jeanw/Desktop/VHDL/vhdl-serial/adder.vhd".
    Found 8-bit adder for signal <s>.
    Summary:
	inferred   1 Adder/Subtractor(s).
Unit <adder> synthesized.


Synthesizing Unit <subtractor>.
    Related source file is "C:/Users/jeanw/Desktop/VHDL/vhdl-serial/subtractor.vhd".
    Found 8-bit subtractor for signal <s$addsub0000> created at line 17.
    Found 8-bit comparator greater for signal <s$cmp_gt0000> created at line 17.
    Summary:
	inferred   1 Adder/Subtractor(s).
	inferred   1 Comparator(s).
Unit <subtractor> synthesized.


Synthesizing Unit <multiplier>.
    Related source file is "C:/Users/jeanw/Desktop/VHDL/vhdl-serial/multiplier.vhd".
    Found 8x8-bit multiplier for signal <s$mult0000> created at line 15.
    Summary:
	inferred   1 Multiplier(s).
Unit <multiplier> synthesized.


Synthesizing Unit <divider>.
    Related source file is "C:/Users/jeanw/Desktop/VHDL/vhdl-serial/divider.vhd".
WARNING:Xst:647 - Input <b> is never used. This port will be preserved and left unconnected if it belongs to a top-level block or it belongs to a sub-block and the hierarchy of this sub-block is preserved.
Unit <divider> synthesized.


Synthesizing Unit <mux_2bits>.
    Related source file is "C:/Users/jeanw/Desktop/VHDL/vhdl-serial/mux_2bits.vhd".
    Found 8-bit 4-to-1 multiplexer for signal <s>.
    Summary:
	inferred   8 Multiplexer(s).
Unit <mux_2bits> synthesized.


Synthesizing Unit <oper_block>.
    Related source file is "C:/Users/jeanw/Desktop/VHDL/vhdl-serial/oper_block.vhd".
Unit <oper_block> synthesized.


=========================================================================
HDL Synthesis Report

Macro Statistics
# Multipliers                                          : 1
 8x8-bit multiplier                                    : 1
# Adders/Subtractors                                   : 2
 8-bit adder                                           : 1
 8-bit subtractor                                      : 1
# Comparators                                          : 1
 8-bit comparator greater                              : 1
# Multiplexers                                         : 1
 8-bit 4-to-1 multiplexer                              : 1

=========================================================================

=========================================================================
*                       Advanced HDL Synthesis                          *
=========================================================================


=========================================================================
Advanced HDL Synthesis Report

Macro Statistics
# Multipliers                                          : 1
 8x8-bit multiplier                                    : 1
# Adders/Subtractors                                   : 2
 8-bit adder                                           : 1
 8-bit subtractor                                      : 1
# Comparators                                          : 1
 8-bit comparator greater                              : 1
# Multiplexers                                         : 1
 8-bit 4-to-1 multiplexer                              : 1

=========================================================================

=========================================================================
*                         Low Level Synthesis                           *
=========================================================================

Optimizing unit <oper_block> ...

Mapping all equations...
Building and optimizing final netlist ...
Found area constraint ratio of 100 (+ 5) on block oper_block, actual ratio is 0.

Final Macro Processing ...

=========================================================================
Final Register Report

Found no macro
=========================================================================

=========================================================================
*                           Partition Report                            *
=========================================================================

Partition Implementation Status
-------------------------------

  No Partitions were found in this design.

-------------------------------

=========================================================================
*                            Final Report                               *
=========================================================================
Final Results
RTL Top Level Output File Name     : oper_block.ngr
Top Level Output File Name         : oper_block
Output Format                      : NGC
Optimization Goal                  : Speed
Keep Hierarchy                     : No

Design Statistics
# IOs                              : 26

Cell Usage :
# BELS                             : 75
#      GND                         : 1
#      LUT2                        : 17
#      LUT3                        : 8
#      LUT4                        : 10
#      MUXCY                       : 14
#      MUXF5                       : 8
#      VCC                         : 1
#      XORCY                       : 16
# IO Buffers                       : 26
#      IBUF                        : 18
#      OBUF                        : 8
# MULTs                            : 1
#      MULT18X18                   : 1
=========================================================================

Device utilization summary:
---------------------------

Selected Device : 3s1000ft256-4 

 Number of Slices:                       18  out of   7680     0%  
 Number of 4 input LUTs:                 35  out of  15360     0%  
 Number of IOs:                          26
 Number of bonded IOBs:                  26  out of    173    15%  
 Number of MULT18X18s:                    1  out of     24     4%  

---------------------------
Partition Resource Summary:
---------------------------

  No Partitions were found in this design.

---------------------------


=========================================================================
TIMING REPORT

NOTE: THESE TIMING NUMBERS ARE ONLY A SYNTHESIS ESTIMATE.
      FOR ACCURATE TIMING INFORMATION PLEASE REFER TO THE TRACE REPORT
      GENERATED AFTER PLACE-and-ROUTE.

Clock Information:
------------------
No clock signals found in this design

Asynchronous Control Signals Information:
----------------------------------------
No asynchronous control signals found in this design

Timing Summary:
---------------
Speed Grade: -4

   Minimum period: No path found
   Minimum input arrival time before clock: No path found
   Maximum output required time after clock: No path found
   Maximum combinational path delay: 12.957ns

Timing Detail:
--------------
All values displayed in nanoseconds (ns)

=========================================================================
Timing constraint: Default path analysis
  Total number of paths / destination ports: 368 / 8
-------------------------------------------------------------------------
Delay:               12.957ns (Levels of Logic = 6)
  Source:            a<4> (PAD)
  Destination:       s<7> (PAD)

  Data Path: a<4> to s<7>
                                Gate     Net
    Cell:in->out      fanout   Delay   Delay  Logical Name (Net Name)
    ----------------------------------------  ------------
     IBUF:I->O             5   0.821   1.260  a_4_IBUF (a_4_IBUF)
     LUT4:I0->O            1   0.551   1.140  sub/s_cmp_gt000014 (sub/s_cmp_gt000014)
     LUT2:I0->O            8   0.551   1.278  sub/s_cmp_gt0000110 (sub/s_cmp_gt0000)
     LUT4:I1->O            1   0.551   0.000  mux/Mmux_s_47 (mux/Mmux_s_47)
     MUXF5:I0->O           1   0.360   0.801  mux/Mmux_s_2_f5_6 (s_7_OBUF)
     OBUF:I->O                 5.644          s_7_OBUF (s<7>)
    ----------------------------------------
    Total                     12.957ns (8.478ns logic, 4.479ns route)
                                       (65.4% logic, 34.6% route)

=========================================================================


Total REAL time to Xst completion: 5.00 secs
Total CPU time to Xst completion: 5.60 secs
 
--> 

Total memory usage is 4536480 kilobytes

Number of errors   :    0 (   0 filtered)
Number of warnings :   13 (   0 filtered)
Number of infos    :    0 (   0 filtered)

